{"level":"info","message":"undefined - API Server Start At Port 3000","timestamp":"2022-07-28 15:39:05"}
{"level":"info","message":"undefined - API Server Start At Port 3000","timestamp":"2022-07-28 15:41:14"}
{"level":"info","message":"undefined - API Server Start At Port 3000","timestamp":"2022-07-28 15:42:57"}
{"level":"info","message":"undefined - API Server Start At Port 3000","timestamp":"2022-07-28 15:48:04"}
{"level":"info","message":"undefined - API Server Start At Port 3000","timestamp":"2022-07-28 16:22:19"}
{"level":"info","message":"undefined - API Server Start At Port 3000","timestamp":"2022-07-28 16:45:38"}
{"level":"info","message":"undefined - API Server Start At Port 3000","timestamp":"2022-07-28 16:46:26"}
{"level":"info","message":"undefined - API Server Start At Port 3000","timestamp":"2022-07-28 16:49:50"}
{"level":"info","message":"undefined - API Server Start At Port 3000","timestamp":"2022-07-28 16:50:31"}
{"level":"info","message":"undefined - API Server Start At Port 3000","timestamp":"2022-07-28 16:51:17"}
{"level":"info","message":"undefined - API Server Start At Port 3000","timestamp":"2022-07-28 16:52:36"}
{"level":"info","message":"undefined - API Server Start At Port 3000","timestamp":"2022-07-28 16:53:45"}
{"level":"info","message":"undefined - API Server Start At Port 3000","timestamp":"2022-07-28 16:55:40"}
{"level":"info","message":"undefined - API Server Start At Port 3000","timestamp":"2022-07-28 16:56:35"}
{"level":"info","message":"undefined - API Server Start At Port 3000","timestamp":"2022-07-28 16:57:51"}
{"level":"info","message":"undefined - API Server Start At Port 3000","timestamp":"2022-07-28 16:58:44"}
{"level":"info","message":"undefined - API Server Start At Port 3000","timestamp":"2022-07-28 16:59:43"}
{"level":"info","message":"undefined - API Server Start At Port 3000","timestamp":"2022-07-28 17:03:10"}
{"level":"info","message":"undefined - API Server Start At Port 3000","timestamp":"2022-07-28 17:04:17"}
{"level":"info","message":"undefined - API Server Start At Port 3000","timestamp":"2022-07-28 17:04:38"}
{"level":"info","message":"undefined - API Server Start At Port 3000","timestamp":"2022-07-28 17:05:08"}
{"level":"info","message":"undefined - API Server Start At Port 3000","timestamp":"2022-07-28 17:06:05"}
{"level":"info","message":"undefined - API Server Start At Port 3000","timestamp":"2022-07-28 17:07:25"}
{"level":"info","message":"undefined - API Server Start At Port 3000","timestamp":"2022-07-28 17:08:20"}
{"level":"info","message":"undefined - API Server Start At Port 3000","timestamp":"2022-07-28 17:09:56"}
{"level":"info","message":"undefined - API Server Start At Port 3000","timestamp":"2022-07-28 17:11:00"}
{"level":"info","message":"undefined - API Server Start At Port 3000","timestamp":"2022-07-28 17:11:34"}
{"level":"info","message":"undefined - API Server Start At Port 3000","timestamp":"2022-07-28 17:12:29"}
{"level":"info","message":"undefined - API Server Start At Port 3000","timestamp":"2022-07-28 17:13:13"}
{"level":"info","message":"undefined - API Server Start At Port 3000","timestamp":"2022-07-28 17:14:11"}
{"level":"info","message":"undefined - API Server Start At Port 3000","timestamp":"2022-07-28 17:15:15"}
{"level":"info","message":"undefined - API Server Start At Port 3000","timestamp":"2022-07-28 17:15:53"}
{"level":"info","message":"undefined - API Server Start At Port 3000","timestamp":"2022-07-28 18:59:36"}
{"level":"info","message":"undefined - API Server Start At Port 3000","timestamp":"2022-07-28 19:01:02"}
{"level":"info","message":"undefined - API Server Start At Port 3000","timestamp":"2022-07-28 19:01:39"}
{"level":"info","message":"undefined - API Server Start At Port 3000","timestamp":"2022-07-28 19:02:02"}
{"level":"info","message":"undefined - API Server Start At Port 3000","timestamp":"2022-07-28 19:04:28"}
{"level":"info","message":"undefined - API Server Start At Port 3000","timestamp":"2022-07-28 19:05:00"}
{"level":"info","message":"undefined - API Server Start At Port 3000","timestamp":"2022-07-28 19:05:46"}
{"level":"info","message":"undefined - API Server Start At Port 3000","timestamp":"2022-07-28 19:06:17"}
{"level":"info","message":"undefined - API Server Start At Port 3000","timestamp":"2022-07-28 19:08:26"}
{"level":"info","message":"undefined - API Server Start At Port 3000","timestamp":"2022-07-28 19:42:53"}
{"level":"info","message":"undefined - API Server Start At Port 3000","timestamp":"2022-07-28 20:49:18"}
{"level":"info","message":"undefined - API Server Start At Port 3000","timestamp":"2022-07-28 20:55:03"}
{"level":"info","message":"undefined - API Server Start At Port 3000","timestamp":"2022-07-28 20:56:51"}
{"level":"info","message":"undefined - API Server Start At Port 3000","timestamp":"2022-07-28 20:59:34"}
{"level":"info","message":"undefined - API Server Start At Port 3000","timestamp":"2022-07-28 21:04:37"}
{"level":"error","message":"App - createOrdered Service error\n: Unknown column 'insertOrderedInfoParams' in 'field list'","timestamp":"2022-07-28 21:04:49"}
{"level":"info","message":"undefined - API Server Start At Port 3000","timestamp":"2022-07-28 21:08:53"}
{"level":"info","message":"undefined - API Server Start At Port 3000","timestamp":"2022-07-28 21:14:04"}
{"level":"error","message":"App - createOrdered Service error\n: Unknown column 'insertOrderedInfoParams' in 'field list'","timestamp":"2022-07-28 21:14:10"}
{"level":"info","message":"undefined - API Server Start At Port 3000","timestamp":"2022-07-28 21:14:37"}
{"level":"error","message":"App - createOrdered Service error\n: Unknown column 'insertOrderedInfoParams' in 'field list'","timestamp":"2022-07-28 21:14:42"}
{"level":"info","message":"undefined - API Server Start At Port 3000","timestamp":"2022-07-28 21:16:03"}
{"level":"error","message":"App - createOrdered Service error\n: Column count doesn't match value count at row 1","timestamp":"2022-07-28 21:16:06"}
{"level":"info","message":"undefined - API Server Start At Port 3000","timestamp":"2022-07-28 21:16:22"}
{"level":"error","message":"App - createOrdered Service error\n: Column count doesn't match value count at row 1","timestamp":"2022-07-28 21:16:24"}
{"level":"info","message":"undefined - API Server Start At Port 3000","timestamp":"2022-07-28 21:26:29"}
{"level":"info","message":"undefined - API Server Start At Port 3000","timestamp":"2022-07-28 21:26:54"}
{"level":"info","message":"undefined - API Server Start At Port 3000","timestamp":"2022-07-28 21:27:15"}
{"level":"error","message":"App - createOrdered Service error\n: You have an error in your SQL syntax; check the manual that corresponds to your MySQL server version for the right syntax to use near 'key, value)\n          VALUES (1 , `menu` = '[object Object]', '[object Object]',' at line 1","timestamp":"2022-07-28 21:27:18"}
{"level":"info","message":"undefined - API Server Start At Port 3000","timestamp":"2022-07-28 21:29:40"}
{"level":"error","message":"App - createOrdered Service error\n: You have an error in your SQL syntax; check the manual that corresponds to your MySQL server version for the right syntax to use near 'key, value)\n          VALUES (1 , 'a', 'PENDING')' at line 1","timestamp":"2022-07-28 21:29:43"}
{"level":"info","message":"undefined - API Server Start At Port 3000","timestamp":"2022-07-28 21:34:09"}
{"level":"error","message":"App - createOrdered Service error\n: You have an error in your SQL syntax; check the manual that corresponds to your MySQL server version for the right syntax to use near 'key, value, 'PENDING')' at line 2","timestamp":"2022-07-28 21:34:17"}
{"level":"info","message":"undefined - API Server Start At Port 3000","timestamp":"2022-07-28 21:34:43"}
{"level":"error","message":"App - createOrdered Service error\n: You have an error in your SQL syntax; check the manual that corresponds to your MySQL server version for the right syntax to use near 'key}, {value}, 'PENDING')' at line 2","timestamp":"2022-07-28 21:34:45"}
{"level":"info","message":"undefined - API Server Start At Port 3000","timestamp":"2022-07-28 21:35:24"}
{"level":"error","message":"App - createOrdered Service error\n: Column count doesn't match value count at row 1","timestamp":"2022-07-28 21:35:26"}
{"level":"info","message":"undefined - API Server Start At Port 3000","timestamp":"2022-07-28 21:36:33"}
{"level":"error","message":"App - createOrdered Service error\n: Column count doesn't match value count at row 1","timestamp":"2022-07-28 21:36:39"}
{"level":"info","message":"undefined - API Server Start At Port 3000","timestamp":"2022-07-28 21:38:38"}
{"level":"error","message":"App - createOrdered Service error\n: You have an error in your SQL syntax; check the manual that corresponds to your MySQL server version for the right syntax to use near 'key, value, 'PENDING', 'a', 'b')' at line 2","timestamp":"2022-07-28 21:38:54"}
{"level":"info","message":"undefined - API Server Start At Port 3000","timestamp":"2022-07-28 21:40:02"}
{"level":"error","message":"App - createOrdered Service error\n: Invalid JSON text: \"Invalid value.\" at position 0 in value for column 'Ordered.ordered'.","timestamp":"2022-07-28 21:40:05"}
{"level":"info","message":"undefined - API Server Start At Port 3000","timestamp":"2022-07-28 21:41:04"}
{"level":"error","message":"App - createOrdered Service error\n: You have an error in your SQL syntax; check the manual that corresponds to your MySQL server version for the right syntax to use near '\"menu\": [{\"id\": 106, \"set\": [201, 301], \"option\": []}, {\"id\": 101, \"set\": [], \"o' at line 2","timestamp":"2022-07-28 21:41:07"}
{"level":"info","message":"undefined - API Server Start At Port 3000","timestamp":"2022-07-28 21:46:41"}
{"level":"error","message":"App - createOrdered Service error\n: key is not defined","timestamp":"2022-07-28 21:46:45"}
{"level":"info","message":"undefined - API Server Start At Port 3000","timestamp":"2022-07-28 21:47:13"}
{"level":"error","message":"App - createOrdered Service error\n: Unknown column 'data' in 'field list'","timestamp":"2022-07-28 21:47:17"}
{"level":"info","message":"undefined - API Server Start At Port 3000","timestamp":"2022-07-28 21:48:38"}
{"level":"info","message":"undefined - API Server Start At Port 3000","timestamp":"2022-07-28 21:50:22"}
{"level":"error","message":"App - createOrdered Service error\n: Unknown column 'data' in 'field list'","timestamp":"2022-07-28 21:50:25"}
{"level":"info","message":"undefined - API Server Start At Port 3000","timestamp":"2022-07-28 21:51:59"}
{"level":"error","message":"App - createOrdered Service error\n: Invalid JSON text: \"Invalid value.\" at position 0 in value for column 'Ordered.ordered'.","timestamp":"2022-07-28 21:52:01"}
{"level":"info","message":"undefined - API Server Start At Port 3000","timestamp":"2022-07-28 21:53:11"}
{"level":"error","message":"App - createOrdered Service error\n: Column count doesn't match value count at row 1","timestamp":"2022-07-28 21:53:15"}
{"level":"info","message":"undefined - API Server Start At Port 3000","timestamp":"2022-07-28 21:57:08"}
{"level":"error","message":"App - createOrdered Service error\n: You have an error in your SQL syntax; check the manual that corresponds to your MySQL server version for the right syntax to use near '?,?,?,?)' at line 2","timestamp":"2022-07-28 21:57:11"}
{"level":"info","message":"undefined - API Server Start At Port 3000","timestamp":"2022-07-28 22:10:58"}
{"level":"error","message":"App - createOrdered Service error\n: Column count doesn't match value count at row 1","timestamp":"2022-07-28 22:11:09"}
{"level":"info","message":"undefined - API Server Start At Port 3000","timestamp":"2022-07-28 22:12:43"}
{"level":"error","message":"App - createOrdered Service error\n: Column count doesn't match value count at row 1","timestamp":"2022-07-28 22:12:47"}
{"level":"info","message":"undefined - API Server Start At Port 3000","timestamp":"2022-07-28 22:27:48"}
{"level":"error","message":"App - createOrdered Service error\n: Column count doesn't match value count at row 1","timestamp":"2022-07-28 22:27:49"}
{"level":"info","message":"undefined - API Server Start At Port 3000","timestamp":"2022-07-28 22:28:13"}
{"level":"error","message":"App - createOrdered Service error\n: Column count doesn't match value count at row 1","timestamp":"2022-07-28 22:28:14"}
{"level":"info","message":"undefined - API Server Start At Port 3000","timestamp":"2022-07-28 22:35:18"}
{"level":"error","message":"App - createOrdered Service error\n: Unknown column 'data' in 'field list'","timestamp":"2022-07-28 22:35:23"}
{"level":"info","message":"undefined - API Server Start At Port 3000","timestamp":"2022-07-28 22:35:59"}
{"level":"error","message":"App - createOrdered Service error\n: Unknown column 'data' in 'field list'","timestamp":"2022-07-28 22:36:02"}
{"level":"info","message":"undefined - API Server Start At Port 3000","timestamp":"2022-07-28 22:36:33"}
{"level":"error","message":"App - createOrdered Service error\n: Column count doesn't match value count at row 1","timestamp":"2022-07-28 22:36:36"}
{"level":"info","message":"undefined - API Server Start At Port 3000","timestamp":"2022-07-28 22:42:22"}
{"level":"error","message":"App - createOrdered Service error\n: Column count doesn't match value count at row 1","timestamp":"2022-07-28 22:42:26"}
{"level":"info","message":"undefined - API Server Start At Port 3000","timestamp":"2022-07-28 23:29:09"}
{"level":"error","message":"App - createOrdered Service error\n: Column count doesn't match value count at row 1","timestamp":"2022-07-28 23:29:14"}
{"level":"info","message":"undefined - API Server Start At Port 3000","timestamp":"2022-07-28 23:32:44"}
{"level":"error","message":"App - createOrdered Service error\n: Invalid use of group function","timestamp":"2022-07-28 23:32:57"}
{"level":"info","message":"undefined - API Server Start At Port 3000","timestamp":"2022-07-28 23:34:47"}
{"level":"info","message":"undefined - API Server Start At Port 3000","timestamp":"2022-07-28 23:35:47"}
{"level":"info","message":"undefined - API Server Start At Port 3000","timestamp":"2022-07-28 23:39:00"}
{"level":"error","message":"App - createOrdered Service error\n: Column count doesn't match value count at row 1","timestamp":"2022-07-28 23:39:02"}
{"level":"info","message":"undefined - API Server Start At Port 3000","timestamp":"2022-07-28 23:40:09"}
{"level":"error","message":"App - createOrdered Service error\n: Duplicate entry '2' for key 'Ordered.PRIMARY'","timestamp":"2022-07-28 23:40:13"}
{"level":"info","message":"undefined - API Server Start At Port 3000","timestamp":"2022-07-28 23:41:43"}
{"level":"error","message":"App - createOrdered Service error\n: Duplicate entry '3' for key 'Ordered.PRIMARY'","timestamp":"2022-07-28 23:41:57"}
{"level":"info","message":"undefined - API Server Start At Port 3000","timestamp":"2022-07-28 23:43:06"}
{"level":"error","message":"App - createOrdered Service error\n: You have an error in your SQL syntax; check the manual that corresponds to your MySQL server version for the right syntax to use near '='PENDING'' at line 2","timestamp":"2022-07-28 23:43:08"}
{"level":"info","message":"undefined - API Server Start At Port 3000","timestamp":"2022-07-28 23:44:38"}
{"level":"info","message":"undefined - API Server Start At Port 3000","timestamp":"2022-07-28 23:45:59"}
{"level":"error","message":"App - createOrdered Service error\n: You have an error in your SQL syntax; check the manual that corresponds to your MySQL server version for the right syntax to use near ''[object Object]', '[object Object]', '[object Object]', `order` = 1, `price` = ' at line 2","timestamp":"2022-07-28 23:46:01"}
{"level":"info","message":"undefined - API Server Start At Port 3000","timestamp":"2022-07-28 23:46:28"}
{"level":"error","message":"App - createOrdered Service error\n: You have an error in your SQL syntax; check the manual that corresponds to your MySQL server version for the right syntax to use near '= '[object Object]', '[object Object]', '[object Object]', '[object Object]', `o' at line 2","timestamp":"2022-07-28 23:46:30"}
{"level":"info","message":"undefined - API Server Start At Port 3000","timestamp":"2022-07-28 23:47:34"}
