{"level":"info","message":"undefined - API Server Start At Port 3000","timestamp":"2022-07-30 17:47:03"}
{"level":"info","message":"undefined - API Server Start At Port 3000","timestamp":"2022-07-30 17:50:36"}
{"level":"info","message":"undefined - API Server Start At Port 3000","timestamp":"2022-07-30 17:54:04"}
{"level":"info","message":"undefined - API Server Start At Port 3000","timestamp":"2022-07-30 17:55:09"}
{"level":"info","message":"undefined - API Server Start At Port 3000","timestamp":"2022-07-30 17:58:46"}
{"level":"info","message":"undefined - API Server Start At Port 3000","timestamp":"2022-07-30 17:59:40"}
{"level":"error","message":"App - createOrdered Service error\n: orderedIdx is not defined","timestamp":"2022-07-30 17:59:42"}
{"level":"info","message":"undefined - API Server Start At Port 3000","timestamp":"2022-07-30 18:09:55"}
{"level":"info","message":"undefined - API Server Start At Port 3000","timestamp":"2022-07-30 18:10:53"}
{"level":"info","message":"undefined - API Server Start At Port 3000","timestamp":"2022-07-30 18:11:30"}
{"level":"info","message":"undefined - API Server Start At Port 3000","timestamp":"2022-07-30 18:11:57"}
{"level":"info","message":"undefined - API Server Start At Port 3000","timestamp":"2022-07-30 18:13:47"}
{"level":"info","message":"undefined - API Server Start At Port 3000","timestamp":"2022-07-30 18:14:28"}
{"level":"error","message":"App - createOrdered Service error\n: value is not defined","timestamp":"2022-07-30 18:14:33"}
{"level":"info","message":"undefined - API Server Start At Port 3000","timestamp":"2022-07-30 18:15:15"}
{"level":"error","message":"App - createOrdered Service error\n: value is not defined","timestamp":"2022-07-30 18:15:19"}
{"level":"info","message":"undefined - API Server Start At Port 3000","timestamp":"2022-07-30 18:15:30"}
{"level":"info","message":"undefined - API Server Start At Port 3000","timestamp":"2022-07-30 18:15:58"}
{"level":"info","message":"undefined - API Server Start At Port 3000","timestamp":"2022-07-30 18:16:32"}
{"level":"info","message":"undefined - API Server Start At Port 3000","timestamp":"2022-07-30 18:17:20"}
{"level":"info","message":"undefined - API Server Start At Port 3000","timestamp":"2022-07-30 18:17:40"}
{"level":"error","message":"App - createOrdered Service error\n: orderedIdx is not defined","timestamp":"2022-07-30 18:17:42"}
{"level":"info","message":"undefined - API Server Start At Port 3000","timestamp":"2022-07-30 18:17:51"}
{"level":"error","message":"App - createOrdered Service error\n: orderedIdxNum[0] is not a function","timestamp":"2022-07-30 18:17:53"}
{"level":"info","message":"undefined - API Server Start At Port 3000","timestamp":"2022-07-30 18:19:48"}
{"level":"error","message":"App - createOrdered Service error\n: orderedIdxobject is not a function","timestamp":"2022-07-30 18:19:50"}
{"level":"info","message":"undefined - API Server Start At Port 3000","timestamp":"2022-07-30 18:20:25"}
{"level":"info","message":"undefined - API Server Start At Port 3000","timestamp":"2022-07-30 18:20:52"}
{"level":"info","message":"undefined - API Server Start At Port 3000","timestamp":"2022-07-30 18:21:14"}
{"level":"info","message":"undefined - API Server Start At Port 3000","timestamp":"2022-07-30 18:22:29"}
{"level":"info","message":"undefined - API Server Start At Port 3000","timestamp":"2022-07-30 18:23:07"}
{"level":"info","message":"undefined - API Server Start At Port 3000","timestamp":"2022-07-30 18:23:44"}
{"level":"info","message":"undefined - API Server Start At Port 3000","timestamp":"2022-07-30 18:47:42"}
{"level":"info","message":"undefined - API Server Start At Port 3000","timestamp":"2022-07-30 20:00:56"}
{"level":"info","message":"undefined - API Server Start At Port 3000","timestamp":"2022-07-30 20:02:27"}
{"level":"info","message":"undefined - API Server Start At Port 3000","timestamp":"2022-07-30 20:07:27"}
{"level":"info","message":"undefined - API Server Start At Port 3000","timestamp":"2022-07-30 20:08:51"}
{"level":"info","message":"undefined - API Server Start At Port 3000","timestamp":"2022-07-30 20:09:24"}
{"level":"info","message":"undefined - API Server Start At Port 3000","timestamp":"2022-07-30 20:09:57"}
{"level":"info","message":"undefined - API Server Start At Port 3000","timestamp":"2022-07-30 22:03:26"}
