{"level":"info","message":"undefined - API Server Start At Port 3000","timestamp":"2022-07-29 00:06:46"}
{"level":"error","message":"App - createOrdered Service error\n: Unknown column 'a' in 'field list'","timestamp":"2022-07-29 00:06:49"}
{"level":"info","message":"undefined - API Server Start At Port 3000","timestamp":"2022-07-29 00:07:18"}
{"level":"error","message":"App - createOrdered Service error\n: Unknown column 'a' in 'field list'","timestamp":"2022-07-29 00:07:19"}
{"level":"info","message":"undefined - API Server Start At Port 3000","timestamp":"2022-07-29 00:08:44"}
{"level":"info","message":"undefined - API Server Start At Port 3000","timestamp":"2022-07-29 00:15:55"}
{"level":"error","message":"App - createOrdered Service error\n: You have an error in your SQL syntax; check the manual that corresponds to your MySQL server version for the right syntax to use near ''[object Object]', '[object Object]', '[object Object]', `order` = 1, `price` = ' at line 2","timestamp":"2022-07-29 00:15:59"}
{"level":"info","message":"undefined - API Server Start At Port 3000","timestamp":"2022-07-29 00:16:37"}
{"level":"error","message":"App - createOrdered Service error\n: You have an error in your SQL syntax; check the manual that corresponds to your MySQL server version for the right syntax to use near ''[object Object]', '[object Object]', '[object Object]', `order` = 1, `price` = ' at line 2","timestamp":"2022-07-29 00:16:41"}
{"level":"info","message":"undefined - API Server Start At Port 3000","timestamp":"2022-07-29 00:24:46"}
{"level":"error","message":"App - createOrdered Service error\n: You have an error in your SQL syntax; check the manual that corresponds to your MySQL server version for the right syntax to use near '[object Object]', '[object Object]', '[object Object]', '[object Object]', `orde' at line 2","timestamp":"2022-07-29 00:24:57"}
{"level":"error","message":"App - createOrdered Service error\n: You have an error in your SQL syntax; check the manual that corresponds to your MySQL server version for the right syntax to use near '[object Object]', '[object Object]', '[object Object]', '[object Object]', `orde' at line 2","timestamp":"2022-07-29 00:25:06"}
{"level":"info","message":"undefined - API Server Start At Port 3000","timestamp":"2022-07-29 00:27:32"}
{"level":"info","message":"undefined - API Server Start At Port 3000","timestamp":"2022-07-29 00:28:27"}
{"level":"info","message":"undefined - API Server Start At Port 3000","timestamp":"2022-07-29 00:29:40"}
{"level":"info","message":"undefined - API Server Start At Port 3000","timestamp":"2022-07-29 00:31:10"}
{"level":"info","message":"undefined - API Server Start At Port 3000","timestamp":"2022-07-29 00:33:14"}
{"level":"error","message":"App - createOrdered Service error\n: You have an error in your SQL syntax; check the manual that corresponds to your MySQL server version for the right syntax to use near ''[object Object]', '[object Object]', '[object Object]', `order` = 1, `price` = ' at line 2","timestamp":"2022-07-29 00:33:15"}
{"level":"info","message":"undefined - API Server Start At Port 3000","timestamp":"2022-07-29 00:36:08"}
{"level":"error","message":"App - createOrdered Service error\n: stringify is not defined","timestamp":"2022-07-29 00:36:16"}
{"level":"info","message":"undefined - API Server Start At Port 3000","timestamp":"2022-07-29 00:37:40"}
{"level":"error","message":"App - createOrdered Service error\n: stringify is not defined","timestamp":"2022-07-29 00:37:44"}
{"level":"info","message":"undefined - API Server Start At Port 3000","timestamp":"2022-07-29 00:38:20"}
{"level":"info","message":"undefined - API Server Start At Port 3000","timestamp":"2022-07-29 00:39:01"}
{"level":"info","message":"undefined - API Server Start At Port 3000","timestamp":"2022-07-29 00:42:47"}
{"level":"error","message":"App - createOrdered Service error\n: You have an error in your SQL syntax; check the manual that corresponds to your MySQL server version for the right syntax to use near 'update Ordered\n          set status='{\\\"menu\\\":[{\\\"id\\\":101,\\\"set\\\":[201,301],\\\"' at line 2","timestamp":"2022-07-29 00:42:51"}
{"level":"info","message":"undefined - API Server Start At Port 3000","timestamp":"2022-07-29 00:47:36"}
{"level":"info","message":"undefined - API Server Start At Port 3000","timestamp":"2022-07-29 00:49:30"}
{"level":"info","message":"undefined - API Server Start At Port 3000","timestamp":"2022-07-29 00:52:07"}
{"level":"info","message":"undefined - API Server Start At Port 3000","timestamp":"2022-07-29 00:52:45"}
{"level":"error","message":"App - createOrdered Service error\n: Invalid use of group function","timestamp":"2022-07-29 00:53:32"}
{"level":"info","message":"undefined - API Server Start At Port 3000","timestamp":"2022-07-29 00:54:19"}
{"level":"info","message":"undefined - API Server Start At Port 3000","timestamp":"2022-07-29 00:56:08"}
{"level":"info","message":"undefined - API Server Start At Port 3000","timestamp":"2022-07-29 01:13:01"}
{"level":"info","message":"undefined - API Server Start At Port 3000","timestamp":"2022-07-29 01:16:43"}
